<?xml version="1.0" encoding="UTF-8"?>
<!-- Generated by org.testng.reporters.JUnitXMLReporter -->
<testsuite hostname="CORE-PC073" name="TestColor" tests="2" failures="0" timestamp="10 May 2019 07:04:18 GMT" time="108.023" errors="0">
  <testcase name="@AfterTest afterTest" time="0.0" classname="com.winnie.cbx.page.StartLogin">
    <failure type="java.lang.Exception" message="find no element for id=&amp;gt;cbx__logoutTxtBtn">
      <![CDATA[java.lang.Exception: find no element for id=>cbx__logoutTxtBtn
	at com.winnie.action.BaseAction.findElement(BaseAction.java:135)
	at com.winnie.cbx.page.LoginPage.clickLogout(LoginPage.java:71)
	at com.winnie.cbx.page.LoginPage.cbxLogout(LoginPage.java:53)
	at com.winnie.cbx.page.StartLogin.afterTest(StartLogin.java:20)
... Removed 23 stack frames]]>
    </failure>
  </testcase> <!-- @AfterTest afterTest -->
  <testcase name="createColorDoc" time="28.556" classname="com.winnie.cbx.page.ColorPageTest">
    <skipped/>
  </testcase> <!-- createColorDoc -->
  <testcase name="createColorDoc" time="24.263" classname="com.winnie.cbx.page.ColorPageTest"/>
</testsuite> <!-- TestColor -->
